[debug] [2025-07-15T12:34:06.355Z] ----------------------------------------------------------------------
[debug] [2025-07-15T12:34:06.358Z] Command:       C:\Program Files\nodejs\node.exe C:\Users\MASTER\AppData\Roaming\npm\node_modules\firebase-tools\lib\bin\firebase.js deploy --only functions --debug
[debug] [2025-07-15T12:34:06.358Z] CLI Version:   14.10.1
[debug] [2025-07-15T12:34:06.358Z] Platform:      win32
[debug] [2025-07-15T12:34:06.359Z] Node Version:  v22.12.0
[debug] [2025-07-15T12:34:06.359Z] Time:          Tue Jul 15 2025 18:04:06 GMT+0530 (India Standard Time)
[debug] [2025-07-15T12:34:06.359Z] ----------------------------------------------------------------------
[debug] 
[debug] [2025-07-15T12:34:06.596Z] > command requires scopes: ["email","openid","https://www.googleapis.com/auth/cloudplatformprojects.readonly","https://www.googleapis.com/auth/firebase","https://www.googleapis.com/auth/cloud-platform"]
[debug] [2025-07-15T12:34:06.597Z] > authorizing via signed-in user (bohramohit8@gmail.com)
[debug] [2025-07-15T12:34:06.598Z] [iam] checking project surbhi-surgicals-internal for permissions ["cloudfunctions.functions.create","cloudfunctions.functions.delete","cloudfunctions.functions.get","cloudfunctions.functions.list","cloudfunctions.functions.update","cloudfunctions.operations.get","firebase.projects.get"]
[debug] [2025-07-15T12:34:06.599Z] Checked if tokens are valid: true, expires at: 1752585771095
[debug] [2025-07-15T12:34:06.599Z] Checked if tokens are valid: true, expires at: 1752585771095
[debug] [2025-07-15T12:34:06.601Z] >>> [apiv2][query] POST https://cloudresourcemanager.googleapis.com/v1/projects/surbhi-surgicals-internal:testIamPermissions [none]
[debug] [2025-07-15T12:34:06.601Z] >>> [apiv2][(partial)header] POST https://cloudresourcemanager.googleapis.com/v1/projects/surbhi-surgicals-internal:testIamPermissions x-goog-quota-user=projects/surbhi-surgicals-internal
[debug] [2025-07-15T12:34:06.601Z] >>> [apiv2][body] POST https://cloudresourcemanager.googleapis.com/v1/projects/surbhi-surgicals-internal:testIamPermissions {"permissions":["cloudfunctions.functions.create","cloudfunctions.functions.delete","cloudfunctions.functions.get","cloudfunctions.functions.list","cloudfunctions.functions.update","cloudfunctions.operations.get","firebase.projects.get"]}
[debug] [2025-07-15T12:34:08.070Z] <<< [apiv2][status] POST https://cloudresourcemanager.googleapis.com/v1/projects/surbhi-surgicals-internal:testIamPermissions 200
[debug] [2025-07-15T12:34:08.070Z] <<< [apiv2][body] POST https://cloudresourcemanager.googleapis.com/v1/projects/surbhi-surgicals-internal:testIamPermissions {"permissions":["cloudfunctions.functions.create","cloudfunctions.functions.delete","cloudfunctions.functions.get","cloudfunctions.functions.list","cloudfunctions.functions.update","cloudfunctions.operations.get","firebase.projects.get"]}
[debug] [2025-07-15T12:34:08.073Z] Checked if tokens are valid: true, expires at: 1752585771095
[debug] [2025-07-15T12:34:08.077Z] Checked if tokens are valid: true, expires at: 1752585771095
[debug] [2025-07-15T12:34:08.079Z] >>> [apiv2][query] POST https://iam.googleapis.com/v1/projects/surbhi-surgicals-internal/serviceAccounts/surbhi-surgicals-internal@appspot.gserviceaccount.com:testIamPermissions [none]
[debug] [2025-07-15T12:34:08.081Z] >>> [apiv2][body] POST https://iam.googleapis.com/v1/projects/surbhi-surgicals-internal/serviceAccounts/surbhi-surgicals-internal@appspot.gserviceaccount.com:testIamPermissions {"permissions":["iam.serviceAccounts.actAs"]}
[debug] [2025-07-15T12:34:09.791Z] <<< [apiv2][status] POST https://iam.googleapis.com/v1/projects/surbhi-surgicals-internal/serviceAccounts/surbhi-surgicals-internal@appspot.gserviceaccount.com:testIamPermissions 200
[debug] [2025-07-15T12:34:09.792Z] <<< [apiv2][body] POST https://iam.googleapis.com/v1/projects/surbhi-surgicals-internal/serviceAccounts/surbhi-surgicals-internal@appspot.gserviceaccount.com:testIamPermissions {"permissions":["iam.serviceAccounts.actAs"]}
[info] 
[info] === Deploying to 'surbhi-surgicals-internal'...
[info] 
[info] i  deploying functions 
[info] Running command: npm --prefix "$RESOURCE_DIR" run lint
[error] 
[error] Error: functions predeploy error: Command terminated with non-zero exit code 1
[debug] [2025-07-15T12:36:54.725Z] ----------------------------------------------------------------------
[debug] [2025-07-15T12:36:54.728Z] Command:       C:\Program Files\nodejs\node.exe C:\Users\MASTER\AppData\Roaming\npm\node_modules\firebase-tools\lib\bin\firebase.js deploy --only functions --debug
[debug] [2025-07-15T12:36:54.728Z] CLI Version:   14.10.1
[debug] [2025-07-15T12:36:54.729Z] Platform:      win32
[debug] [2025-07-15T12:36:54.729Z] Node Version:  v22.12.0
[debug] [2025-07-15T12:36:54.729Z] Time:          Tue Jul 15 2025 18:06:54 GMT+0530 (India Standard Time)
[debug] [2025-07-15T12:36:54.729Z] ----------------------------------------------------------------------
[debug] 
[debug] [2025-07-15T12:36:54.977Z] > command requires scopes: ["email","openid","https://www.googleapis.com/auth/cloudplatformprojects.readonly","https://www.googleapis.com/auth/firebase","https://www.googleapis.com/auth/cloud-platform"]
[debug] [2025-07-15T12:36:54.977Z] > authorizing via signed-in user (bohramohit8@gmail.com)
[debug] [2025-07-15T12:36:54.978Z] [iam] checking project surbhi-surgicals-internal for permissions ["cloudfunctions.functions.create","cloudfunctions.functions.delete","cloudfunctions.functions.get","cloudfunctions.functions.list","cloudfunctions.functions.update","cloudfunctions.operations.get","firebase.projects.get"]
[debug] [2025-07-15T12:36:54.979Z] Checked if tokens are valid: true, expires at: 1752585771095
[debug] [2025-07-15T12:36:54.980Z] Checked if tokens are valid: true, expires at: 1752585771095
[debug] [2025-07-15T12:36:54.982Z] >>> [apiv2][query] POST https://cloudresourcemanager.googleapis.com/v1/projects/surbhi-surgicals-internal:testIamPermissions [none]
[debug] [2025-07-15T12:36:54.982Z] >>> [apiv2][(partial)header] POST https://cloudresourcemanager.googleapis.com/v1/projects/surbhi-surgicals-internal:testIamPermissions x-goog-quota-user=projects/surbhi-surgicals-internal
[debug] [2025-07-15T12:36:54.983Z] >>> [apiv2][body] POST https://cloudresourcemanager.googleapis.com/v1/projects/surbhi-surgicals-internal:testIamPermissions {"permissions":["cloudfunctions.functions.create","cloudfunctions.functions.delete","cloudfunctions.functions.get","cloudfunctions.functions.list","cloudfunctions.functions.update","cloudfunctions.operations.get","firebase.projects.get"]}
[debug] [2025-07-15T12:36:56.570Z] <<< [apiv2][status] POST https://cloudresourcemanager.googleapis.com/v1/projects/surbhi-surgicals-internal:testIamPermissions 200
[debug] [2025-07-15T12:36:56.570Z] <<< [apiv2][body] POST https://cloudresourcemanager.googleapis.com/v1/projects/surbhi-surgicals-internal:testIamPermissions {"permissions":["cloudfunctions.functions.create","cloudfunctions.functions.delete","cloudfunctions.functions.get","cloudfunctions.functions.list","cloudfunctions.functions.update","cloudfunctions.operations.get","firebase.projects.get"]}
[debug] [2025-07-15T12:36:56.575Z] Checked if tokens are valid: true, expires at: 1752585771095
[debug] [2025-07-15T12:36:56.577Z] Checked if tokens are valid: true, expires at: 1752585771095
[debug] [2025-07-15T12:36:56.578Z] >>> [apiv2][query] POST https://iam.googleapis.com/v1/projects/surbhi-surgicals-internal/serviceAccounts/surbhi-surgicals-internal@appspot.gserviceaccount.com:testIamPermissions [none]
[debug] [2025-07-15T12:36:56.578Z] >>> [apiv2][body] POST https://iam.googleapis.com/v1/projects/surbhi-surgicals-internal/serviceAccounts/surbhi-surgicals-internal@appspot.gserviceaccount.com:testIamPermissions {"permissions":["iam.serviceAccounts.actAs"]}
[debug] [2025-07-15T12:36:58.351Z] <<< [apiv2][status] POST https://iam.googleapis.com/v1/projects/surbhi-surgicals-internal/serviceAccounts/surbhi-surgicals-internal@appspot.gserviceaccount.com:testIamPermissions 200
[debug] [2025-07-15T12:36:58.351Z] <<< [apiv2][body] POST https://iam.googleapis.com/v1/projects/surbhi-surgicals-internal/serviceAccounts/surbhi-surgicals-internal@appspot.gserviceaccount.com:testIamPermissions {"permissions":["iam.serviceAccounts.actAs"]}
[info] 
[info] === Deploying to 'surbhi-surgicals-internal'...
[info] 
[info] i  deploying functions 
[info] Running command: 
[info] +  functions: Finished running predeploy script. 
[debug] [2025-07-15T12:36:58.484Z] Checked if tokens are valid: true, expires at: 1752585771095
[debug] [2025-07-15T12:36:58.487Z] Checked if tokens are valid: true, expires at: 1752585771095
[debug] [2025-07-15T12:36:58.487Z] >>> [apiv2][query] GET https://serviceusage.googleapis.com/v1/projects/surbhi-surgicals-internal/services/cloudresourcemanager.googleapis.com [none]
[debug] [2025-07-15T12:36:58.488Z] >>> [apiv2][(partial)header] GET https://serviceusage.googleapis.com/v1/projects/surbhi-surgicals-internal/services/cloudresourcemanager.googleapis.com x-goog-quota-user=projects/surbhi-surgicals-internal
[debug] [2025-07-15T12:37:00.329Z] <<< [apiv2][status] GET https://serviceusage.googleapis.com/v1/projects/surbhi-surgicals-internal/services/cloudresourcemanager.googleapis.com 200
[debug] [2025-07-15T12:37:00.330Z] <<< [apiv2][body] GET https://serviceusage.googleapis.com/v1/projects/surbhi-surgicals-internal/services/cloudresourcemanager.googleapis.com [omitted]
[debug] [2025-07-15T12:37:00.339Z] Checked if tokens are valid: true, expires at: 1752585771095
[debug] [2025-07-15T12:37:00.340Z] Checked if tokens are valid: true, expires at: 1752585771095
[debug] [2025-07-15T12:37:00.340Z] >>> [apiv2][query] GET https://cloudresourcemanager.googleapis.com/v1/projects/surbhi-surgicals-internal [none]
[debug] [2025-07-15T12:37:00.687Z] <<< [apiv2][status] GET https://cloudresourcemanager.googleapis.com/v1/projects/surbhi-surgicals-internal 200
[debug] [2025-07-15T12:37:00.688Z] <<< [apiv2][body] GET https://cloudresourcemanager.googleapis.com/v1/projects/surbhi-surgicals-internal {"projectNumber":"259208391448","projectId":"surbhi-surgicals-internal","lifecycleState":"ACTIVE","name":"surbhi-surgicals-internal","labels":{"firebase":"enabled","firebase-core":"disabled"},"createTime":"2025-07-09T11:49:53.605554Z"}
[info] i  functions: preparing codebase default for deployment 
[info] i  functions: ensuring required API cloudfunctions.googleapis.com is enabled... 
[info] i  functions: ensuring required API cloudbuild.googleapis.com is enabled... 
[debug] [2025-07-15T12:37:00.696Z] Checked if tokens are valid: true, expires at: 1752585771095
[debug] [2025-07-15T12:37:00.696Z] Checked if tokens are valid: true, expires at: 1752585771095
[info] i  artifactregistry: ensuring required API artifactregistry.googleapis.com is enabled... 
[debug] [2025-07-15T12:37:00.697Z] Checked if tokens are valid: true, expires at: 1752585771095
[debug] [2025-07-15T12:37:00.698Z] Checked if tokens are valid: true, expires at: 1752585771095
[debug] [2025-07-15T12:37:00.699Z] >>> [apiv2][query] GET https://serviceusage.googleapis.com/v1/projects/surbhi-surgicals-internal/services/cloudbuild.googleapis.com [none]
[debug] [2025-07-15T12:37:00.699Z] >>> [apiv2][(partial)header] GET https://serviceusage.googleapis.com/v1/projects/surbhi-surgicals-internal/services/cloudbuild.googleapis.com x-goog-quota-user=projects/surbhi-surgicals-internal
[debug] [2025-07-15T12:37:00.701Z] >>> [apiv2][query] GET https://serviceusage.googleapis.com/v1/projects/surbhi-surgicals-internal/services/artifactregistry.googleapis.com [none]
[debug] [2025-07-15T12:37:00.701Z] >>> [apiv2][(partial)header] GET https://serviceusage.googleapis.com/v1/projects/surbhi-surgicals-internal/services/artifactregistry.googleapis.com x-goog-quota-user=projects/surbhi-surgicals-internal
[debug] [2025-07-15T12:37:01.119Z] <<< [apiv2][status] GET https://serviceusage.googleapis.com/v1/projects/surbhi-surgicals-internal/services/cloudbuild.googleapis.com 200
[debug] [2025-07-15T12:37:01.120Z] <<< [apiv2][body] GET https://serviceusage.googleapis.com/v1/projects/surbhi-surgicals-internal/services/cloudbuild.googleapis.com [omitted]
[warn] !  functions: missing required API cloudbuild.googleapis.com. Enabling now... 
[debug] [2025-07-15T12:37:01.127Z] Checked if tokens are valid: true, expires at: 1752585771095
[debug] [2025-07-15T12:37:01.127Z] Checked if tokens are valid: true, expires at: 1752585771095
[debug] [2025-07-15T12:37:01.128Z] >>> [apiv2][query] POST https://serviceusage.googleapis.com/v1/projects/surbhi-surgicals-internal/services/cloudbuild.googleapis.com:enable [none]
[debug] [2025-07-15T12:37:01.128Z] >>> [apiv2][(partial)header] POST https://serviceusage.googleapis.com/v1/projects/surbhi-surgicals-internal/services/cloudbuild.googleapis.com:enable x-goog-quota-user=projects/surbhi-surgicals-internal
[debug] [2025-07-15T12:37:02.430Z] <<< [apiv2][status] POST https://serviceusage.googleapis.com/v1/projects/surbhi-surgicals-internal/services/cloudbuild.googleapis.com:enable 400
[debug] [2025-07-15T12:37:02.430Z] <<< [apiv2][body] POST https://serviceusage.googleapis.com/v1/projects/surbhi-surgicals-internal/services/cloudbuild.googleapis.com:enable [omitted]
[debug] [2025-07-15T12:37:02.544Z] <<< [apiv2][status] GET https://serviceusage.googleapis.com/v1/projects/surbhi-surgicals-internal/services/artifactregistry.googleapis.com 200
[debug] [2025-07-15T12:37:02.544Z] <<< [apiv2][body] GET https://serviceusage.googleapis.com/v1/projects/surbhi-surgicals-internal/services/artifactregistry.googleapis.com [omitted]
[warn] !  artifactregistry: missing required API artifactregistry.googleapis.com. Enabling now... 
[debug] [2025-07-15T12:37:02.547Z] Checked if tokens are valid: true, expires at: 1752585771095
[debug] [2025-07-15T12:37:02.552Z] Checked if tokens are valid: true, expires at: 1752585771095
[debug] [2025-07-15T12:37:02.552Z] >>> [apiv2][query] POST https://serviceusage.googleapis.com/v1/projects/surbhi-surgicals-internal/services/artifactregistry.googleapis.com:enable [none]
[debug] [2025-07-15T12:37:02.553Z] >>> [apiv2][(partial)header] POST https://serviceusage.googleapis.com/v1/projects/surbhi-surgicals-internal/services/artifactregistry.googleapis.com:enable x-goog-quota-user=projects/surbhi-surgicals-internal
[error] 
[error] Error: Your project surbhi-surgicals-internal must be on the Blaze (pay-as-you-go) plan to complete this command. Required API cloudbuild.googleapis.com can't be enabled until the upgrade is complete. To upgrade, visit the following URL:

https://console.firebase.google.com/project/surbhi-surgicals-internal/usage/details
